client/build/app/intermediates/manifest_merge_blame_file/debug/manifest-merger-blame-debug-report.txt
1<?xml version="1.0" encoding="utf-8"?>
2<manifest xmlns:android="http://schemas.android.com/apk/res/android"
3    package="com.example.geoappclient"
4    android:versionCode="1"
5    android:versionName="0.1.0" >
6
7    <uses-sdk
8        android:minSdkVersion="19"
9        android:targetSdkVersion="33" />
10    <!--
11         The INTERNET permission is required for development. Specifically,
12         the Flutter tool needs it to communicate with the running application
13         to allow setting breakpoints, to provide hot reload, etc.
14    -->
15    <uses-permission android:name="android.permission.INTERNET" />
15-->src\main\AndroidManifest.xml:2:5-66
15-->src\main\AndroidManifest.xml:2:22-64
16    <uses-permission android:name="android.permission.ACCESS_NETWORK_STATE" />
16-->src\main\AndroidManifest.xml:3:5-79
16-->src\main\AndroidManifest.xml:3:22-76
17    <uses-permission android:name="android.permission.ACCESS_COARSE_LOCATION" />
17-->src\main\AndroidManifest.xml:4:5-81
17-->src\main\AndroidManifest.xml:4:22-78
18    <!--
19 Required to query activities that can process text, see:
20         https://developer.android.com/training/package-visibility?hl=en and
21         https://developer.android.com/reference/android/content/Intent#ACTION_PROCESS_TEXT.
22
23         In particular, this is used by the Flutter engine in io.flutter.plugin.text.ProcessTextPlugin.
24    -->
25    <queries>
25-->src\main\AndroidManifest.xml:43:5-64:15
26        <intent>
26-->src\main\AndroidManifest.xml:44:9-47:18
27            <action android:name="android.intent.action.PROCESS_TEXT" />
27-->src\main\AndroidManifest.xml:45:13-72
27-->src\main\AndroidManifest.xml:45:21-70
28
29            <data android:mimeType="text/plain" />
29-->src\main\AndroidManifest.xml:46:13-50
29-->src\main\AndroidManifest.xml:46:19-48
30        </intent>
31
32        <!-- Pour ouvrir une URL dans un navigateur web -->
33        <intent>
33-->src\main\AndroidManifest.xml:50:9-53:18
34            <action android:name="android.intent.action.VIEW" />
34-->src\main\AndroidManifest.xml:51:13-65
34-->src\main\AndroidManifest.xml:51:21-62
35
36            <data android:scheme="http" />
36-->src\main\AndroidManifest.xml:46:13-50
37        </intent>
38        <intent>
38-->src\main\AndroidManifest.xml:54:9-57:18
39            <action android:name="android.intent.action.VIEW" />
39-->src\main\AndroidManifest.xml:51:13-65
39-->src\main\AndroidManifest.xml:51:21-62
40
41            <data android:scheme="https" />
41-->src\main\AndroidManifest.xml:46:13-50
42        </intent>
43
44        <!-- Pour Google Maps -->
45        <intent>
45-->src\main\AndroidManifest.xml:60:9-63:18
46            <action android:name="android.intent.action.VIEW" />
46-->src\main\AndroidManifest.xml:51:13-65
46-->src\main\AndroidManifest.xml:51:21-62
47
48            <data android:scheme="geo" />
48-->src\main\AndroidManifest.xml:46:13-50
49        </intent>
50    </queries>
51
52    <uses-permission android:name="android.permission.ACCESS_FINE_LOCATION" />
52-->[:flutter_osm_plugin] AndroidManifest.xml:10:5-79
52-->[:flutter_osm_plugin] AndroidManifest.xml:10:22-76
53    <uses-permission android:name="android.permission.WRITE_EXTERNAL_STORAGE" />
53-->[:flutter_osm_plugin] AndroidManifest.xml:13:5-81
53-->[:flutter_osm_plugin] AndroidManifest.xml:13:22-78
54    <uses-permission android:name="android.permission.READ_EXTERNAL_STORAGE" />
55
56    <permission
56-->[androidx.core:core:1.12.0-beta01] AndroidManifest.xml:22:5-24:47
57        android:name="com.example.geoappclient.DYNAMIC_RECEIVER_NOT_EXPORTED_PERMISSION"
57-->[androidx.core:core:1.12.0-beta01] AndroidManifest.xml:23:9-81
58        android:protectionLevel="signature" />
58-->[androidx.core:core:1.12.0-beta01] AndroidManifest.xml:24:9-44
59
60    <uses-permission android:name="com.example.geoappclient.DYNAMIC_RECEIVER_NOT_EXPORTED_PERMISSION" />
60-->[androidx.core:core:1.12.0-beta01] AndroidManifest.xml:26:5-97
60-->[androidx.core:core:1.12.0-beta01] AndroidManifest.xml:26:22-94
61
62    <supports-screens
62-->[org.osmdroid:osmdroid-android:6.1.17] AndroidManifest.xml:9:5-12:40
63        android:anyDensity="true"
63-->[org.osmdroid:osmdroid-android:6.1.17] AndroidManifest.xml:10:9-34
64        android:largeScreens="true"
64-->[org.osmdroid:osmdroid-android:6.1.17] AndroidManifest.xml:11:9-36
65        android:normalScreens="true" />
65-->[org.osmdroid:osmdroid-android:6.1.17] AndroidManifest.xml:12:9-37
66
67    <uses-feature
67-->[org.osmdroid:osmdroid-android:6.1.17] AndroidManifest.xml:14:5-16:36
68        android:name="android.hardware.location.network"
68-->[org.osmdroid:osmdroid-android:6.1.17] AndroidManifest.xml:15:9-57
69        android:required="false" />
69-->[org.osmdroid:osmdroid-android:6.1.17] AndroidManifest.xml:16:9-33
70    <uses-feature
70-->[org.osmdroid:osmdroid-android:6.1.17] AndroidManifest.xml:17:5-19:36
71        android:name="android.hardware.location.gps"
71-->[org.osmdroid:osmdroid-android:6.1.17] AndroidManifest.xml:18:9-53
72        android:required="false" />
72-->[org.osmdroid:osmdroid-android:6.1.17] AndroidManifest.xml:19:9-33
73    <uses-feature
73-->[org.osmdroid:osmdroid-android:6.1.17] AndroidManifest.xml:20:5-22:36
74        android:name="android.hardware.telephony"
74-->[org.osmdroid:osmdroid-android:6.1.17] AndroidManifest.xml:21:9-50
75        android:required="false" />
75-->[org.osmdroid:osmdroid-android:6.1.17] AndroidManifest.xml:22:9-33
76    <uses-feature
76-->[org.osmdroid:osmdroid-android:6.1.17] AndroidManifest.xml:23:5-25:36
77        android:name="android.hardware.wifi"
77-->[org.osmdroid:osmdroid-android:6.1.17] AndroidManifest.xml:24:9-45
78        android:required="false" />
78-->[org.osmdroid:osmdroid-android:6.1.17] AndroidManifest.xml:25:9-33
79
80    <application
81        android:name="io.flutter.app.FlutterMultiDexApplication"
82        android:appComponentFactory="androidx.core.app.CoreComponentFactory"
82-->[androidx.core:core:1.12.0-beta01] AndroidManifest.xml:28:18-86
83        android:debuggable="true"
84        android:icon="@mipmap/ic_launcher"
85        android:label="geoappclient"
86        android:usesCleartextTraffic="true" >
87        <activity
88            android:name="com.example.geoappclient.MainActivity"
89            android:configChanges="orientation|keyboardHidden|keyboard|screenSize|smallestScreenSize|locale|layoutDirection|fontScale|screenLayout|density|uiMode"
90            android:exported="true"
91            android:hardwareAccelerated="true"
92            android:launchMode="singleTop"
93            android:theme="@style/LaunchTheme"
94            android:windowSoftInputMode="adjustResize" >
95
96            <!--
97                 Specifies an Android theme to apply to this Activity as soon as
98                 the Android process has started. This theme is visible to the user
99                 while the Flutter UI initializes. After that, this theme continues
100                 to determine the Window background behind the Flutter UI.
101            -->
102            <meta-data
103                android:name="io.flutter.embedding.android.NormalTheme"
104                android:resource="@style/NormalTheme" />
105
106            <intent-filter>
107                <action android:name="android.intent.action.MAIN" />
108
109                <category android:name="android.intent.category.LAUNCHER" />
110            </intent-filter>
111        </activity>
112        <!--
113             Don't delete the meta-data below.
114             This is used by the Flutter tool to generate GeneratedPluginRegistrant.java
115        -->
116        <meta-data
117            android:name="flutterEmbedding"
118            android:value="2" />
119
120        <provider
120-->[:esys_flutter_share_plus] AndroidManifest.xml:10:9-18:20
121            android:name="de.esys.esysfluttershare.EsysFlutterShareFileProvider"
121-->[:esys_flutter_share_plus] AndroidManifest.xml:11:13-81
122            android:authorities="com.example.geoappclient.fileprovider.github.com/orgs/esysberlin/esys-flutter-share"
122-->[:esys_flutter_share_plus] AndroidManifest.xml:12:13-110
123            android:exported="false"
123-->[:esys_flutter_share_plus] AndroidManifest.xml:13:13-37
124            android:grantUriPermissions="true" >
124-->[:esys_flutter_share_plus] AndroidManifest.xml:14:13-47
125            <meta-data
125-->[:esys_flutter_share_plus] AndroidManifest.xml:15:13-17:72
126                android:name="android.support.FILE_PROVIDER_PATHS"
126-->[:esys_flutter_share_plus] AndroidManifest.xml:16:17-67
127                android:resource="@xml/esys_flutter_share_filepaths" />
127-->[:esys_flutter_share_plus] AndroidManifest.xml:17:17-69
128        </provider>
129        <provider
129-->[:image_picker_android] AndroidManifest.xml:10:9-18:20
130            android:name="io.flutter.plugins.imagepicker.ImagePickerFileProvider"
130-->[:image_picker_android] AndroidManifest.xml:11:13-82
131            android:authorities="com.example.geoappclient.flutter.image_provider"
131-->[:image_picker_android] AndroidManifest.xml:12:13-74
132            android:exported="false"
132-->[:image_picker_android] AndroidManifest.xml:13:13-37
133            android:grantUriPermissions="true" >
133-->[:image_picker_android] AndroidManifest.xml:14:13-47
134            <meta-data
134-->[:esys_flutter_share_plus] AndroidManifest.xml:15:13-17:72
135                android:name="android.support.FILE_PROVIDER_PATHS"
135-->[:esys_flutter_share_plus] AndroidManifest.xml:16:17-67
136                android:resource="@xml/flutter_image_picker_file_paths" />
136-->[:esys_flutter_share_plus] AndroidManifest.xml:17:17-69
137        </provider>
138
139        <activity
139-->[:url_launcher_android] AndroidManifest.xml:10:9-13:74
140            android:name="io.flutter.plugins.urllauncher.WebViewActivity"
140-->[:url_launcher_android] AndroidManifest.xml:11:13-74
141            android:exported="false"
141-->[:url_launcher_android] AndroidManifest.xml:12:13-37
142            android:theme="@android:style/Theme.NoTitleBar.Fullscreen" />
142-->[:url_launcher_android] AndroidManifest.xml:13:13-71
143
144        <provider
144-->[androidx.emoji2:emoji2:1.3.0] AndroidManifest.xml:24:9-32:20
145            android:name="androidx.startup.InitializationProvider"
145-->[androidx.emoji2:emoji2:1.3.0] AndroidManifest.xml:25:13-67
146            android:authorities="com.example.geoappclient.androidx-startup"
146-->[androidx.emoji2:emoji2:1.3.0] AndroidManifest.xml:26:13-68
147            android:exported="false" >
147-->[androidx.emoji2:emoji2:1.3.0] AndroidManifest.xml:27:13-37
148            <meta-data
148-->[androidx.emoji2:emoji2:1.3.0] AndroidManifest.xml:29:13-31:52
149                android:name="androidx.emoji2.text.EmojiCompatInitializer"
149-->[androidx.emoji2:emoji2:1.3.0] AndroidManifest.xml:30:17-75
150                android:value="androidx.startup" />
150-->[androidx.emoji2:emoji2:1.3.0] AndroidManifest.xml:31:17-49
151            <meta-data
151-->[androidx.lifecycle:lifecycle-process:2.6.1] AndroidManifest.xml:29:13-31:52
152                android:name="androidx.lifecycle.ProcessLifecycleInitializer"
152-->[androidx.lifecycle:lifecycle-process:2.6.1] AndroidManifest.xml:30:17-78
153                android:value="androidx.startup" />
153-->[androidx.lifecycle:lifecycle-process:2.6.1] AndroidManifest.xml:31:17-49
154            <meta-data
154-->[androidx.profileinstaller:profileinstaller:1.3.0] AndroidManifest.xml:29:13-31:52
155                android:name="androidx.profileinstaller.ProfileInstallerInitializer"
155-->[androidx.profileinstaller:profileinstaller:1.3.0] AndroidManifest.xml:30:17-85
156                android:value="androidx.startup" />
156-->[androidx.profileinstaller:profileinstaller:1.3.0] AndroidManifest.xml:31:17-49
157        </provider>
158
159        <uses-library
159-->[androidx.window:window:1.0.0] AndroidManifest.xml:25:9-27:40
160            android:name="androidx.window.extensions"
160-->[androidx.window:window:1.0.0] AndroidManifest.xml:26:13-54
161            android:required="false" />
161-->[androidx.window:window:1.0.0] AndroidManifest.xml:27:13-37
162        <uses-library
162-->[androidx.window:window:1.0.0] AndroidManifest.xml:28:9-30:40
163            android:name="androidx.window.sidecar"
163-->[androidx.window:window:1.0.0] AndroidManifest.xml:29:13-51
164            android:required="false" />
164-->[androidx.window:window:1.0.0] AndroidManifest.xml:30:13-37
165
166        <provider
166-->[com.squareup.picasso:picasso:2.71828] AndroidManifest.xml:8:9-11:40
167            android:name="com.squareup.picasso.PicassoProvider"
167-->[com.squareup.picasso:picasso:2.71828] AndroidManifest.xml:9:13-64
168            android:authorities="com.example.geoappclient.com.squareup.picasso"
168-->[com.squareup.picasso:picasso:2.71828] AndroidManifest.xml:10:13-72
169            android:exported="false" />
169-->[com.squareup.picasso:picasso:2.71828] AndroidManifest.xml:11:13-37
170
171        <receiver
171-->[androidx.profileinstaller:profileinstaller:1.3.0] AndroidManifest.xml:34:9-52:20
172            android:name="androidx.profileinstaller.ProfileInstallReceiver"
172-->[androidx.profileinstaller:profileinstaller:1.3.0] AndroidManifest.xml:35:13-76
173            android:directBootAware="false"
173-->[androidx.profileinstaller:profileinstaller:1.3.0] AndroidManifest.xml:36:13-44
174            android:enabled="true"
174-->[androidx.profileinstaller:profileinstaller:1.3.0] AndroidManifest.xml:37:13-35
175            android:exported="true"
175-->[androidx.profileinstaller:profileinstaller:1.3.0] AndroidManifest.xml:38:13-36
176            android:permission="android.permission.DUMP" >
176-->[androidx.profileinstaller:profileinstaller:1.3.0] AndroidManifest.xml:39:13-57
177            <intent-filter>
177-->[androidx.profileinstaller:profileinstaller:1.3.0] AndroidManifest.xml:40:13-42:29
178                <action android:name="androidx.profileinstaller.action.INSTALL_PROFILE" />
178-->[androidx.profileinstaller:profileinstaller:1.3.0] AndroidManifest.xml:41:17-91
178-->[androidx.profileinstaller:profileinstaller:1.3.0] AndroidManifest.xml:41:25-88
179            </intent-filter>
180            <intent-filter>
180-->[androidx.profileinstaller:profileinstaller:1.3.0] AndroidManifest.xml:43:13-45:29
181                <action android:name="androidx.profileinstaller.action.SKIP_FILE" />
181-->[androidx.profileinstaller:profileinstaller:1.3.0] AndroidManifest.xml:44:17-85
181-->[androidx.profileinstaller:profileinstaller:1.3.0] AndroidManifest.xml:44:25-82
182            </intent-filter>
183            <intent-filter>
183-->[androidx.profileinstaller:profileinstaller:1.3.0] AndroidManifest.xml:46:13-48:29
184                <action android:name="androidx.profileinstaller.action.SAVE_PROFILE" />
184-->[androidx.profileinstaller:profileinstaller:1.3.0] AndroidManifest.xml:47:17-88
184-->[androidx.profileinstaller:profileinstaller:1.3.0] AndroidManifest.xml:47:25-85
185            </intent-filter>
186            <intent-filter>
186-->[androidx.profileinstaller:profileinstaller:1.3.0] AndroidManifest.xml:49:13-51:29
187                <action android:name="androidx.profileinstaller.action.BENCHMARK_OPERATION" />
187-->[androidx.profileinstaller:profileinstaller:1.3.0] AndroidManifest.xml:50:17-95
187-->[androidx.profileinstaller:profileinstaller:1.3.0] AndroidManifest.xml:50:25-92
188            </intent-filter>
189        </receiver>
190    </application>
191
192</manifest>